<?xml version="1.0" encoding="UTF-8"?>
<!-- Generated by org.testng.reporters.JUnitXMLReporter -->
<testsuite hostname="LAPTOP31" ignored="5" tests="0" failures="0" timestamp="2019-10-21T11:59:17 IST" time="20.076" errors="0">
  <testcase name="link_options" time="0.0" classname="testCases.Landing_page_test">
    <ignored/>
  </testcase> <!-- link_options -->
  <testcase name="navigate_user_details" time="0.0" classname="testCases.Landing_page_test">
    <ignored/>
  </testcase> <!-- navigate_user_details -->
  <testcase name="existence_watermark_password" time="0.0" classname="testCases.Landing_page_test">
    <ignored/>
  </testcase> <!-- existence_watermark_password -->
  <testcase name="login" time="0.0" classname="testCases.Landing_page_test">
    <ignored/>
  </testcase> <!-- login -->
  <testcase name="existence_watermark_username" time="0.0" classname="testCases.Landing_page_test">
    <ignored/>
  </testcase> <!-- existence_watermark_username -->
</testsuite>
