<?xml version="1.0" encoding="UTF-8"?>
<testng-results skipped="0" failed="0" ignored="0" total="6" passed="6">
  <reporter-output>
  </reporter-output>
  <suite name="Suite" duration-ms="85114" started-at="2019-11-05T13:05:08 IST" finished-at="2019-11-05T13:06:33 IST">
    <groups>
    </groups>
    <test name="Test1" duration-ms="85114" started-at="2019-11-05T13:05:08 IST" finished-at="2019-11-05T13:06:33 IST">
      <class name="testCases.Landing_page_test">
        <test-method status="PASS" signature="beforeTest()[pri:0, instance:testCases.Landing_page_test@7e2d773b]" name="beforeTest" is-config="true" duration-ms="38492" started-at="2019-11-05T13:05:08 IST" finished-at="2019-11-05T13:05:46 IST">
          <reporter-output>
          </reporter-output>
        </test-method> <!-- beforeTest -->
        <test-method status="PASS" signature="beforeClass()[pri:0, instance:testCases.Landing_page_test@7e2d773b]" name="beforeClass" is-config="true" duration-ms="1" started-at="2019-11-05T13:05:46 IST" finished-at="2019-11-05T13:05:46 IST">
          <reporter-output>
          </reporter-output>
        </test-method> <!-- beforeClass -->
        <test-method status="PASS" signature="beforeMethod()[pri:0, instance:testCases.Landing_page_test@7e2d773b]" name="beforeMethod" is-config="true" duration-ms="1" started-at="2019-11-05T13:05:46 IST" finished-at="2019-11-05T13:05:46 IST">
          <reporter-output>
          </reporter-output>
        </test-method> <!-- beforeMethod -->
        <test-method status="PASS" signature="existence_watermark_username()[pri:0, instance:testCases.Landing_page_test@7e2d773b]" name="existence_watermark_username" duration-ms="257" started-at="2019-11-05T13:05:46 IST" finished-at="2019-11-05T13:05:47 IST">
          <reporter-output>
          </reporter-output>
        </test-method> <!-- existence_watermark_username -->
        <test-method status="PASS" signature="afterMethod(org.testng.ITestResult)[pri:0, instance:testCases.Landing_page_test@7e2d773b]" name="afterMethod" is-config="true" duration-ms="73" started-at="2019-11-05T13:05:47 IST" finished-at="2019-11-05T13:05:47 IST">
          <params>
            <param index="0">
              <value>
                <![CDATA[[TestResult name=existence_watermark_username status=SUCCESS method=Landing_page_test.existence_watermark_username()[pri:0, instance:testCases.Landing_page_test@7e2d773b] output={null}]]]>
              </value>
            </param>
          </params>
          <reporter-output>
          </reporter-output>
        </test-method> <!-- afterMethod -->
        <test-method status="PASS" signature="existence_watermark_password()[pri:0, instance:testCases.Landing_page_test@7e2d773b]" name="existence_watermark_password" duration-ms="267" started-at="2019-11-05T13:05:47 IST" finished-at="2019-11-05T13:05:47 IST">
          <reporter-output>
          </reporter-output>
        </test-method> <!-- existence_watermark_password -->
        <test-method status="PASS" signature="beforeMethod()[pri:0, instance:testCases.Landing_page_test@7e2d773b]" name="beforeMethod" is-config="true" duration-ms="0" started-at="2019-11-05T13:05:47 IST" finished-at="2019-11-05T13:05:47 IST">
          <reporter-output>
          </reporter-output>
        </test-method> <!-- beforeMethod -->
        <test-method status="PASS" signature="afterMethod(org.testng.ITestResult)[pri:0, instance:testCases.Landing_page_test@7e2d773b]" name="afterMethod" is-config="true" duration-ms="45" started-at="2019-11-05T13:05:47 IST" finished-at="2019-11-05T13:05:47 IST">
          <params>
            <param index="0">
              <value>
                <![CDATA[[TestResult name=existence_watermark_password status=SUCCESS method=Landing_page_test.existence_watermark_password()[pri:0, instance:testCases.Landing_page_test@7e2d773b] output={null}]]]>
              </value>
            </param>
          </params>
          <reporter-output>
          </reporter-output>
        </test-method> <!-- afterMethod -->
        <test-method status="PASS" signature="beforeMethod()[pri:0, instance:testCases.Landing_page_test@7e2d773b]" name="beforeMethod" is-config="true" duration-ms="1" started-at="2019-11-05T13:05:47 IST" finished-at="2019-11-05T13:05:47 IST">
          <reporter-output>
          </reporter-output>
        </test-method> <!-- beforeMethod -->
        <test-method status="PASS" signature="link_options(java.lang.String, java.lang.String)[pri:0, instance:testCases.Landing_page_test@7e2d773b]" name="link_options" duration-ms="5855" started-at="2019-11-05T13:05:47 IST" data-provider="DP" finished-at="2019-11-05T13:05:53 IST">
          <params>
            <param index="0">
              <value>
                <![CDATA[admin1]]>
              </value>
            </param>
            <param index="1">
              <value>
                <![CDATA[admin123]]>
              </value>
            </param>
          </params>
          <reporter-output>
          </reporter-output>
        </test-method> <!-- link_options -->
        <test-method status="PASS" signature="afterMethod(org.testng.ITestResult)[pri:0, instance:testCases.Landing_page_test@7e2d773b]" name="afterMethod" is-config="true" duration-ms="42" started-at="2019-11-05T13:05:53 IST" finished-at="2019-11-05T13:05:53 IST">
          <params>
            <param index="0">
              <value>
                <![CDATA[[TestResult name=link_options status=SUCCESS method=Landing_page_test.link_options(java.lang.String, java.lang.String)[pri:0, instance:testCases.Landing_page_test@7e2d773b] output={null}]]]>
              </value>
            </param>
          </params>
          <reporter-output>
          </reporter-output>
        </test-method> <!-- afterMethod -->
        <test-method status="PASS" signature="beforeMethod()[pri:0, instance:testCases.Landing_page_test@7e2d773b]" name="beforeMethod" is-config="true" duration-ms="0" started-at="2019-11-05T13:05:53 IST" finished-at="2019-11-05T13:05:53 IST">
          <reporter-output>
          </reporter-output>
        </test-method> <!-- beforeMethod -->
        <test-method status="PASS" signature="link_options(java.lang.String, java.lang.String)[pri:0, instance:testCases.Landing_page_test@7e2d773b]" name="link_options" duration-ms="5899" started-at="2019-11-05T13:05:53 IST" data-provider="DP" finished-at="2019-11-05T13:05:59 IST">
          <params>
            <param index="0">
              <value>
                <![CDATA[admin2]]>
              </value>
            </param>
            <param index="1">
              <value>
                <![CDATA[admin123]]>
              </value>
            </param>
          </params>
          <reporter-output>
          </reporter-output>
        </test-method> <!-- link_options -->
        <test-method status="PASS" signature="afterMethod(org.testng.ITestResult)[pri:0, instance:testCases.Landing_page_test@7e2d773b]" name="afterMethod" is-config="true" duration-ms="37" started-at="2019-11-05T13:05:59 IST" finished-at="2019-11-05T13:05:59 IST">
          <params>
            <param index="0">
              <value>
                <![CDATA[[TestResult name=link_options status=SUCCESS method=Landing_page_test.link_options(java.lang.String, java.lang.String)[pri:0, instance:testCases.Landing_page_test@7e2d773b] output={null}]]]>
              </value>
            </param>
          </params>
          <reporter-output>
          </reporter-output>
        </test-method> <!-- afterMethod -->
        <test-method status="PASS" signature="login()[pri:0, instance:testCases.Landing_page_test@7e2d773b]" name="login" duration-ms="31700" started-at="2019-11-05T13:05:59 IST" finished-at="2019-11-05T13:06:31 IST">
          <reporter-output>
          </reporter-output>
        </test-method> <!-- login -->
        <test-method status="PASS" signature="beforeMethod()[pri:0, instance:testCases.Landing_page_test@7e2d773b]" name="beforeMethod" is-config="true" duration-ms="0" started-at="2019-11-05T13:05:59 IST" finished-at="2019-11-05T13:05:59 IST">
          <reporter-output>
          </reporter-output>
        </test-method> <!-- beforeMethod -->
        <test-method status="PASS" signature="afterMethod(org.testng.ITestResult)[pri:0, instance:testCases.Landing_page_test@7e2d773b]" name="afterMethod" is-config="true" duration-ms="59" started-at="2019-11-05T13:06:31 IST" finished-at="2019-11-05T13:06:31 IST">
          <params>
            <param index="0">
              <value>
                <![CDATA[[TestResult name=login status=SUCCESS method=Landing_page_test.login()[pri:0, instance:testCases.Landing_page_test@7e2d773b] output={null}]]]>
              </value>
            </param>
          </params>
          <reporter-output>
          </reporter-output>
        </test-method> <!-- afterMethod -->
        <test-method status="PASS" signature="beforeMethod()[pri:0, instance:testCases.Landing_page_test@7e2d773b]" name="beforeMethod" is-config="true" duration-ms="1" started-at="2019-11-05T13:06:31 IST" finished-at="2019-11-05T13:06:31 IST">
          <reporter-output>
          </reporter-output>
        </test-method> <!-- beforeMethod -->
        <test-method status="PASS" signature="navigate_user_details()[pri:0, instance:testCases.Landing_page_test@7e2d773b]" name="navigate_user_details" duration-ms="259" started-at="2019-11-05T13:06:31 IST" finished-at="2019-11-05T13:06:31 IST">
          <reporter-output>
          </reporter-output>
        </test-method> <!-- navigate_user_details -->
        <test-method status="PASS" signature="afterMethod(org.testng.ITestResult)[pri:0, instance:testCases.Landing_page_test@7e2d773b]" name="afterMethod" is-config="true" duration-ms="39" started-at="2019-11-05T13:06:31 IST" finished-at="2019-11-05T13:06:31 IST">
          <params>
            <param index="0">
              <value>
                <![CDATA[[TestResult name=navigate_user_details status=SUCCESS method=Landing_page_test.navigate_user_details()[pri:0, instance:testCases.Landing_page_test@7e2d773b] output={null}]]]>
              </value>
            </param>
          </params>
          <reporter-output>
          </reporter-output>
        </test-method> <!-- afterMethod -->
        <test-method status="PASS" signature="afterClass()[pri:0, instance:testCases.Landing_page_test@7e2d773b]" name="afterClass" is-config="true" duration-ms="1" started-at="2019-11-05T13:06:31 IST" finished-at="2019-11-05T13:06:31 IST">
          <reporter-output>
          </reporter-output>
        </test-method> <!-- afterClass -->
        <test-method status="PASS" signature="afterTest()[pri:0, instance:testCases.Landing_page_test@7e2d773b]" name="afterTest" is-config="true" duration-ms="1966" started-at="2019-11-05T13:06:31 IST" finished-at="2019-11-05T13:06:33 IST">
          <reporter-output>
          </reporter-output>
        </test-method> <!-- afterTest -->
      </class> <!-- testCases.Landing_page_test -->
    </test> <!-- Test1 -->
  </suite> <!-- Suite -->
</testng-results>
