<?xml version="1.0" encoding="UTF-8"?>
<!-- Generated by org.testng.reporters.JUnitXMLReporter -->
<testsuite hostname="LAPTOP31" ignored="0" name="Test1" tests="6" failures="0" timestamp="2019-11-05T13:06:33 IST" time="85.114" errors="0">
  <testcase name="existence_watermark_username" time="0.257" classname="testCases.Landing_page_test"/>
  <testcase name="existence_watermark_password" time="0.267" classname="testCases.Landing_page_test"/>
  <testcase name="link_options" time="5.855" classname="testCases.Landing_page_test"/>
  <testcase name="link_options" time="5.899" classname="testCases.Landing_page_test"/>
  <testcase name="login" time="31.7" classname="testCases.Landing_page_test"/>
  <testcase name="navigate_user_details" time="0.259" classname="testCases.Landing_page_test"/>
</testsuite> <!-- Test1 -->
